<?xml version="1.0" encoding="UTF-8"?>
<testng-results ignored="0" total="5" passed="5" failed="0" skipped="0">
  <reporter-output>
    <line>
      <![CDATA[Application is launched]]>
    </line>
    <line>
      <![CDATA[Register link is clicked]]>
    </line>
    <line>
      <![CDATA[First name is Firsttest]]>
    </line>
    <line>
      <![CDATA[Last name is Lasttest]]>
    </line>
    <line>
      <![CDATA[Address is Test address]]>
    </line>
    <line>
      <![CDATA[City is Pune]]>
    </line>
    <line>
      <![CDATA[State is Maharashtra]]>
    </line>
    <line>
      <![CDATA[Postal code is 766767]]>
    </line>
    <line>
      <![CDATA[Phone number is 7876789876]]>
    </line>
    <line>
      <![CDATA[SSN is 3435]]>
    </line>
    <line>
      <![CDATA[Username is testuser0628]]>
    </line>
    <line>
      <![CDATA[Password is password]]>
    </line>
    <line>
      <![CDATA[Confirm password is password]]>
    </line>
    <line>
      <![CDATA[Register button is clicked]]>
    </line>
    <line>
      <![CDATA[Registration success message is Your account was created successfully. You are now logged in.]]>
    </line>
    <line>
      <![CDATA[User is logged out successfully]]>
    </line>
  </reporter-output>
  <suite started-at="2022-06-28T18:20:06 IST" name="Default suite" finished-at="2022-06-28T18:20:12 IST" duration-ms="6817">
    <groups>
    </groups>
    <test started-at="2022-06-28T18:20:06 IST" name="Default test" finished-at="2022-06-28T18:20:12 IST" duration-ms="6817">
      <class name="com.parabank.testcase.RegistrationParaBank">
        <test-method signature="launchApplication()[pri:1, instance:com.parabank.testcase.RegistrationParaBank@77eca502]" started-at="2022-06-28T18:20:06 IST" name="launchApplication" finished-at="2022-06-28T18:20:10 IST" duration-ms="4339" status="PASS">
          <reporter-output>
            <line>
              <![CDATA[Application is launched]]>
            </line>
          </reporter-output>
        </test-method> <!-- launchApplication -->
        <test-method signature="regiterLink()[pri:2, instance:com.parabank.testcase.RegistrationParaBank@77eca502]" started-at="2022-06-28T18:20:10 IST" name="regiterLink" finished-at="2022-06-28T18:20:10 IST" duration-ms="506" status="PASS">
          <reporter-output>
            <line>
              <![CDATA[Register link is clicked]]>
            </line>
          </reporter-output>
        </test-method> <!-- regiterLink -->
        <test-method signature="registration()[pri:3, instance:com.parabank.testcase.RegistrationParaBank@77eca502]" started-at="2022-06-28T18:20:10 IST" name="registration" finished-at="2022-06-28T18:20:12 IST" duration-ms="1084" status="PASS">
          <reporter-output>
            <line>
              <![CDATA[First name is Firsttest]]>
            </line>
            <line>
              <![CDATA[Last name is Lasttest]]>
            </line>
            <line>
              <![CDATA[Address is Test address]]>
            </line>
            <line>
              <![CDATA[City is Pune]]>
            </line>
            <line>
              <![CDATA[State is Maharashtra]]>
            </line>
            <line>
              <![CDATA[Postal code is 766767]]>
            </line>
            <line>
              <![CDATA[Phone number is 7876789876]]>
            </line>
            <line>
              <![CDATA[SSN is 3435]]>
            </line>
            <line>
              <![CDATA[Username is testuser0628]]>
            </line>
            <line>
              <![CDATA[Password is password]]>
            </line>
            <line>
              <![CDATA[Confirm password is password]]>
            </line>
            <line>
              <![CDATA[Register button is clicked]]>
            </line>
          </reporter-output>
        </test-method> <!-- registration -->
        <test-method signature="verifySuccessMessageAndLogout()[pri:4, instance:com.parabank.testcase.RegistrationParaBank@77eca502]" started-at="2022-06-28T18:20:12 IST" name="verifySuccessMessageAndLogout" finished-at="2022-06-28T18:20:12 IST" duration-ms="782" status="PASS">
          <reporter-output>
            <line>
              <![CDATA[Registration success message is Your account was created successfully. You are now logged in.]]>
            </line>
            <line>
              <![CDATA[User is logged out successfully]]>
            </line>
          </reporter-output>
        </test-method> <!-- verifySuccessMessageAndLogout -->
        <test-method signature="closeApplication()[pri:5, instance:com.parabank.testcase.RegistrationParaBank@77eca502]" started-at="2022-06-28T18:20:12 IST" name="closeApplication" finished-at="2022-06-28T18:20:12 IST" duration-ms="67" status="PASS">
          <reporter-output>
          </reporter-output>
        </test-method> <!-- closeApplication -->
      </class> <!-- com.parabank.testcase.RegistrationParaBank -->
    </test> <!-- Default test -->
  </suite> <!-- Default suite -->
</testng-results>
