<?xml version="1.0" encoding="UTF-8"?>
<!-- Generated by org.testng.reporters.JUnitXMLReporter -->
<testsuite ignored="0" hostname="XAV-602000267" failures="0" tests="5" name="Default test" time="6.817" errors="0" timestamp="2022-06-28T18:20:12 IST">
  <testcase classname="com.parabank.testcase.RegistrationParaBank" name="launchApplication" time="4.339"/>
  <testcase classname="com.parabank.testcase.RegistrationParaBank" name="regiterLink" time="0.506"/>
  <testcase classname="com.parabank.testcase.RegistrationParaBank" name="registration" time="1.084"/>
  <testcase classname="com.parabank.testcase.RegistrationParaBank" name="verifySuccessMessageAndLogout" time="0.782"/>
  <testcase classname="com.parabank.testcase.RegistrationParaBank" name="closeApplication" time="0.067"/>
</testsuite> <!-- Default test -->
